<?xml version="1.0" encoding="UTF-8"?>
<!-- Generated by org.testng.reporters.JUnitXMLReporter -->
<testsuite ignored="0" hostname="Renu" failures="0" tests="5" name="RestAssuredPracticeTests" time="7.776" errors="0" timestamp="2022-03-20T11:46:50 IST">
  <testcase classname="spotify.oauth2.tests.PlaylistTests" name="shouldbeabletoCreatePlaylist" time="6.34"/>
  <testcase classname="spotify.oauth2.tests.PlaylistTests" name="shouldbeabletogetPlaylist" time="0.368"/>
  <testcase classname="spotify.oauth2.tests.PlaylistTests" name="shouldnotbeabletocreatePlaylistwithoutName" time="0.386"/>
  <testcase classname="spotify.oauth2.tests.PlaylistTests" name="shouldnotbeabletocreatewithwrongToken" time="0.262"/>
  <testcase classname="spotify.oauth2.tests.PlaylistTests" name="updatePlaylist" time="0.327"/>
</testsuite> <!-- RestAssuredPracticeTests -->
