<?xml version="1.0" encoding="UTF-8"?>
<!-- Generated by org.testng.reporters.JUnitXMLReporter -->
<testsuite ignored="0" hostname="DESKTOP-HMKMG6M" failures="0" tests="3" name="Default test" time="55.933" errors="0" timestamp="2022-12-09T22:22:40 IST">
  <testcase classname="testcases.LoginTest" name="loginTest" time="52.4"/>
  <testcase classname="testcases.LoginTest" name="loginTest" time="0.007">
    <skipped/>
  </testcase> <!-- loginTest -->
  <testcase classname="testcases.LoginTest" name="loginTest" time="0.011">
    <skipped/>
  </testcase> <!-- loginTest -->
</testsuite> <!-- Default test -->
