<?xml version="1.0" encoding="UTF-8"?>
<!-- Generated by org.testng.reporters.JUnitXMLReporter -->
<testsuite ignored="7" hostname="Renu" failures="0" tests="3" name="Adding Stock InTo Portfolio" time="62.78" errors="0" timestamp="2022-01-16T12:29:22 IST">
  <testcase classname="testcases.rediff.PortfolioManagement" name="selectPortFolio" time="7.766"/>
  <testcase classname="testcases.rediff.StockManagement" name="addFreshStock" time="24.258"/>
  <testcase classname="testcases.rediff.StockManagement" name="verifyStockInList" time="0.405"/>
  <testcase classname="testbase.BaseTest" name="@AfterTest afterTest" time="0.0">
    <ignored/>
  </testcase> <!-- @AfterTest afterTest -->
  <testcase classname="testcases.rediff.PortfolioManagement" name="verifyPortfolio" time="0.0">
    <ignored/>
  </testcase> <!-- verifyPortfolio -->
  <testcase classname="testcases.rediff.PortfolioManagement" name="deletePortfolio" time="0.0">
    <ignored/>
  </testcase> <!-- deletePortfolio -->
  <testcase classname="testcases.rediff.StockManagement" name="deleteStock" time="0.0">
    <ignored/>
  </testcase> <!-- deleteStock -->
  <testcase classname="testbase.BaseTest" name="@BeforeTest beforeTest" time="0.0">
    <ignored/>
  </testcase> <!-- @BeforeTest beforeTest -->
  <testcase classname="testcases.rediff.StockManagement" name="modifyStock" time="0.0">
    <ignored/>
  </testcase> <!-- modifyStock -->
  <testcase classname="testcases.rediff.PortfolioManagement" name="createPortfolio" time="0.0">
    <ignored/>
  </testcase> <!-- createPortfolio -->
</testsuite> <!-- Adding Stock InTo Portfolio -->
