<?xml version="1.0" encoding="UTF-8"?>
<!-- Generated by org.testng.reporters.JUnitXMLReporter -->
<testsuite ignored="0" hostname="DESKTOP-HMKMG6M" failures="1" tests="3" name="logintest1" time="43.502" errors="0" timestamp="2023-03-15T19:30:19 IST">
  <testcase classname="com.zoho.suitea.LoginTest1" name="loginTest" time="38.667">
    <failure type="org.openqa.selenium.remote.http.ConnectionFailedException" message="Unable to establish websocket connection to http://localhost:49153/devtools/browser/40646770-5a87-4f5f-8284-2b838a7f8df8
Build info: version: &amp;apos;4.0.0-alpha-5&amp;apos;, revision: &amp;apos;b3a0d621cc&amp;apos;
System info: host: &amp;apos;DESKTOP-HMKMG6M&amp;apos;, ip: &amp;apos;192.168.29.183&amp;apos;, os.name: &amp;apos;Windows 10&amp;apos;, os.arch: &amp;apos;amd64&amp;apos;, os.version: &amp;apos;10.0&amp;apos;, java.version: &amp;apos;17.0.3&amp;apos;
Driver info: driver.version: ZohoDriver">
      <![CDATA[org.openqa.selenium.remote.http.ConnectionFailedException: Unable to establish websocket connection to http://localhost:49153/devtools/browser/40646770-5a87-4f5f-8284-2b838a7f8df8
Build info: version: '4.0.0-alpha-5', revision: 'b3a0d621cc'
System info: host: 'DESKTOP-HMKMG6M', ip: '192.168.29.183', os.name: 'Windows 10', os.arch: 'amd64', os.version: '10.0', java.version: '17.0.3'
Driver info: driver.version: ZohoDriver
at org.openqa.selenium.remote.http.netty.NettyWebSocket.<init>(NettyWebSocket.java:89)
at org.openqa.selenium.remote.http.netty.NettyWebSocket.lambda$create$3(NettyWebSocket.java:117)
at org.openqa.selenium.remote.http.netty.NettyClient.openSocket(NettyClient.java:55)
at org.openqa.selenium.devtools.Connection.<init>(Connection.java:61)
at org.openqa.selenium.chromium.ChromiumDevToolsLocator.getChromeConnector(ChromiumDevToolsLocator.java:80)
at org.openqa.selenium.chromium.ChromiumDriver.<init>(ChromiumDriver.java:82)
at org.openqa.selenium.chrome.ChromeDriver.<init>(ChromeDriver.java:163)
at org.openqa.selenium.chrome.ChromeDriver.<init>(ChromeDriver.java:150)
at org.openqa.selenium.chrome.ChromeDriver.<init>(ChromeDriver.java:139)
at com.zoho.web.ZohoDriver.OpenBrowser(ZohoDriver.java:54)
at com.zoho.pages.normal.LaunchPage.OpenBrowser(LaunchPage.java:14)
at com.zoho.suitea.LoginTest1.loginTest(LoginTest1.java:45)
at java.base/java.util.ArrayList.forEach(ArrayList.java:1511)
... Removed 28 stack frames]]>
    </failure>
  </testcase> <!-- loginTest -->
  <testcase classname="com.zoho.suitea.LoginTest1" name="loginTest" time="0.011">
    <skipped/>
  </testcase> <!-- loginTest -->
  <testcase classname="com.zoho.suitea.LoginTest1" name="loginTest" time="0.006">
    <skipped/>
  </testcase> <!-- loginTest -->
</testsuite> <!-- logintest1 -->
