<?xml version="1.0" encoding="UTF-8"?>
<!-- Generated by org.testng.reporters.JUnitXMLReporter -->
<testsuite ignored="0" hostname="DESKTOP-HMKMG6M" failures="0" tests="3" name="loginTest3" time="18.504" errors="0" timestamp="2022-12-13T13:12:12 IST">
  <testcase classname="com.zoho.suiteb.LoginTest3" name="loginTest" time="16.425"/>
  <testcase classname="com.zoho.suiteb.LoginTest3" name="loginTest" time="0.01">
    <skipped/>
  </testcase> <!-- loginTest -->
  <testcase classname="com.zoho.suiteb.LoginTest3" name="loginTest" time="0.004">
    <skipped/>
  </testcase> <!-- loginTest -->
</testsuite> <!-- loginTest3 -->
