<?xml version="1.0" encoding="UTF-8"?>
<!-- Generated by org.testng.reporters.JUnitXMLReporter -->
<testsuite ignored="0" hostname="DESKTOP-HMKMG6M" failures="0" tests="3" name="TestA" time="6.182" errors="0" timestamp="2022-12-13T11:11:37 IST">
  <testcase classname="com.zoho.suitea.TestClassA" name="A" time="2.03"/>
  <testcase classname="com.zoho.suitea.TestClassA" name="AA" time="2.008"/>
  <testcase classname="com.zoho.suitea.TestClassA" name="AAA" time="2.029"/>
</testsuite> <!-- TestA -->
