<?xml version="1.0" encoding="UTF-8"?>
<!-- Generated by org.testng.reporters.JUnitXMLReporter -->
<testsuite ignored="3" hostname="DESKTOP-HMKMG6M" failures="0" tests="1" name="Create Portfolio Create New Portfolio iteration 1" time="63.682" errors="0" timestamp="2023-03-15T20:24:55 IST">
  <testcase classname="testcases.rediff.PortfolioManagement" name="createPortfolio" time="8.225"/>
  <testcase classname="testcases.rediff.PortfolioManagement" name="selectPortFolio" time="0.0">
    <ignored/>
  </testcase> <!-- selectPortFolio -->
  <testcase classname="testcases.rediff.PortfolioManagement" name="verifyPortfolio" time="0.0">
    <ignored/>
  </testcase> <!-- verifyPortfolio -->
  <testcase classname="testcases.rediff.PortfolioManagement" name="deletePortfolio" time="0.0">
    <ignored/>
  </testcase> <!-- deletePortfolio -->
</testsuite> <!-- Create Portfolio Create New Portfolio iteration 1 -->
