<?xml version="1.0" encoding="UTF-8"?>
<!-- Generated by org.testng.reporters.JUnitXMLReporter -->
<testsuite ignored="3" hostname="DESKTOP-HMKMG6M" failures="0" tests="1" name="Delete Portfolio Delete Existing Portfolio iteration 2" time="0.181" errors="0" timestamp="2023-03-15T20:26:00 IST">
  <testcase classname="testbase.BaseTest" name="@BeforeTest beforeTest" time="0.125">
    <skipped/>
  </testcase> <!-- @BeforeTest beforeTest -->
  <testcase classname="testbase.BaseTest" name="@BeforeMethod beforeMethod" time="0.001">
    <failure type="java.lang.NullPointerException" message="Cannot invoke &amp;quot;keywords.ApplicationKeywords.setReport(com.aventstack.extentreports.ExtentTest)&amp;quot; because &amp;quot;this.app&amp;quot; is null">
      <![CDATA[java.lang.NullPointerException: Cannot invoke "keywords.ApplicationKeywords.setReport(com.aventstack.extentreports.ExtentTest)" because "this.app" is null
at testbase.BaseTest.beforeMethod(BaseTest.java:98)
at java.base/java.util.ArrayList.forEach(ArrayList.java:1511)
at runner.TestNGRunner.run(TestNGRunner.java:86)
at runner.JSONRunner.main(JSONRunner.java:115)
... Removed 28 stack frames]]>
    </failure>
  </testcase> <!-- @BeforeMethod beforeMethod -->
  <testcase classname="testcases.rediff.PortfolioManagement" name="deletePortfolio" time="0.0">
    <skipped/>
  </testcase> <!-- deletePortfolio -->
  <testcase classname="testcases.rediff.PortfolioManagement" name="selectPortFolio" time="0.0">
    <ignored/>
  </testcase> <!-- selectPortFolio -->
  <testcase classname="testcases.rediff.PortfolioManagement" name="verifyPortfolio" time="0.0">
    <ignored/>
  </testcase> <!-- verifyPortfolio -->
  <testcase classname="testcases.rediff.PortfolioManagement" name="createPortfolio" time="0.0">
    <ignored/>
  </testcase> <!-- createPortfolio -->
</testsuite> <!-- Delete Portfolio Delete Existing Portfolio iteration 2 -->
