<?xml version="1.0" encoding="UTF-8"?>
<!-- Generated by org.testng.reporters.JUnitXMLReporter -->
<testsuite ignored="0" hostname="Renu" failures="0" tests="5" name="Default test" time="11.757" errors="0" timestamp="2022-03-20T18:43:15 IST">
  <testcase classname="spotify.oauth2.tests.PlaylistTests" name="shouldbeabletoCreatePlaylist" time="10.17"/>
  <testcase classname="spotify.oauth2.tests.PlaylistTests" name="shouldbeabletogetPlaylist" time="0.364"/>
  <testcase classname="spotify.oauth2.tests.PlaylistTests" name="shouldnotbeabletocreatePlaylistwithoutName" time="0.323"/>
  <testcase classname="spotify.oauth2.tests.PlaylistTests" name="shouldnotbeabletocreatewithwrongToken" time="0.257"/>
  <testcase classname="spotify.oauth2.tests.PlaylistTests" name="updatePlaylist" time="0.321"/>
</testsuite> <!-- Default test -->
