<?xml version="1.0" encoding="UTF-8"?>
<!-- Generated by org.testng.reporters.JUnitXMLReporter -->
<testsuite ignored="6" hostname="Renu" failures="1" tests="2" name="Adding Stock InTo Portfolio" time="40.407" errors="0" timestamp="2022-01-07T22:04:43 IST">
  <testcase classname="testcases.rediff.Session" name="doLogin" time="28.154"/>
  <testcase classname="testcases.rediff.StockManagement" name="addFreshStock" time="10.898">
    <failure type="java.lang.IllegalMonitorStateException" message="current thread is not owner">
      <![CDATA[java.lang.IllegalMonitorStateException: current thread is not owner
at java.base/java.lang.Object.wait(Native Method)
at keywords.GenericKeywords.waitForPageToLoad(GenericKeywords.java:233)
at testcases.rediff.StockManagement.addFreshStock(StockManagement.java:28)
at java.base/java.util.ArrayList.forEach(ArrayList.java:1511)
... Removed 27 stack frames]]>
    </failure>
  </testcase> <!-- addFreshStock -->
  <testcase classname="testbase.BaseTest" name="@AfterTest afterTest" time="0.0">
    <ignored/>
  </testcase> <!-- @AfterTest afterTest -->
  <testcase classname="testcases.rediff.StockManagement" name="deleteStock" time="0.0">
    <ignored/>
  </testcase> <!-- deleteStock -->
  <testcase classname="testcases.rediff.Session" name="doLogout" time="0.0">
    <ignored/>
  </testcase> <!-- doLogout -->
  <testcase classname="testbase.BaseTest" name="@BeforeTest beforeTest" time="0.0">
    <ignored/>
  </testcase> <!-- @BeforeTest beforeTest -->
  <testcase classname="testcases.rediff.StockManagement" name="verifyStockInList" time="0.0">
    <ignored/>
  </testcase> <!-- verifyStockInList -->
  <testcase classname="testcases.rediff.StockManagement" name="modifyStock" time="0.0">
    <ignored/>
  </testcase> <!-- modifyStock -->
</testsuite> <!-- Adding Stock InTo Portfolio -->
