<?xml version="1.0" encoding="UTF-8"?>
<testng-results ignored="0" total="1" passed="1" failed="0" skipped="0">
  <reporter-output>
  </reporter-output>
  <suite started-at="2023-03-15T20:34:02 IST" name="Default suite" finished-at="2023-03-15T20:34:19 IST" duration-ms="17265">
    <groups>
      <group name="cucumber">
        <method signature="AbstractTestNGCucumberTests.runScenario(io.cucumber.testng.PickleWrapper,io.cucumber.testng.FeatureWrapper)[pri:0, instance:zoho.runner.MyRunner@48aca48b]" name="runScenario" class="io.cucumber.testng.AbstractTestNGCucumberTests"/>
      </group> <!-- cucumber -->
    </groups>
    <test started-at="2023-03-15T20:34:02 IST" name="Default test" finished-at="2023-03-15T20:34:19 IST" duration-ms="17265">
      <class name="zoho.runner.MyRunner">
        <test-method is-config="true" signature="setUpClass()[pri:0, instance:zoho.runner.MyRunner@48aca48b]" started-at="2023-03-15T20:34:02 IST" name="setUpClass" finished-at="2023-03-15T20:34:03 IST" duration-ms="1117" status="PASS">
          <reporter-output>
          </reporter-output>
        </test-method> <!-- setUpClass -->
        <test-method signature="runScenario(io.cucumber.testng.PickleWrapper,io.cucumber.testng.FeatureWrapper)[pri:0, instance:zoho.runner.MyRunner@48aca48b]" started-at="2023-03-15T20:34:03 IST" name="runScenario" description="Runs Cucumber Scenarios" data-provider="scenarios" finished-at="2023-03-15T20:34:19 IST" duration-ms="15932" status="PASS">
          <params>
            <param index="0">
              <value>
                <![CDATA["Creating the Leads inside Application"]]>
              </value>
            </param>
            <param index="1">
              <value>
                <![CDATA["Optional[Managing the leads of my project]"]]>
              </value>
            </param>
          </params>
          <reporter-output>
          </reporter-output>
        </test-method> <!-- runScenario -->
        <test-method is-config="true" signature="tearDownClass()[pri:0, instance:zoho.runner.MyRunner@48aca48b]" started-at="2023-03-15T20:34:19 IST" name="tearDownClass" finished-at="2023-03-15T20:34:19 IST" duration-ms="132" status="PASS">
          <reporter-output>
          </reporter-output>
        </test-method> <!-- tearDownClass -->
      </class> <!-- zoho.runner.MyRunner -->
    </test> <!-- Default test -->
  </suite> <!-- Default suite -->
</testng-results>
