<?xml version="1.0" encoding="UTF-8"?>
<!-- Generated by org.testng.reporters.JUnitXMLReporter -->
<testsuite ignored="0" hostname="DESKTOP-HMKMG6M" failures="0" tests="3" name="Default test" time="36.67" errors="0" timestamp="2022-12-13T10:34:11 IST">
  <testcase classname="testcases.LoginTest" name="loginTest" time="30.187"/>
  <testcase classname="testcases.LoginTest" name="loginTest" time="0.01">
    <skipped/>
  </testcase> <!-- loginTest -->
  <testcase classname="testcases.LoginTest" name="loginTest" time="0.013">
    <skipped/>
  </testcase> <!-- loginTest -->
</testsuite> <!-- Default test -->
