<?xml version="1.0" encoding="UTF-8"?>
<!-- Generated by org.testng.reporters.JUnitXMLReporter -->
<testsuite ignored="2" hostname="Renu" failures="0" tests="2" name="Add New Stock New Stock" time="59.566" errors="0" timestamp="2022-01-17T11:11:08 IST">
  <testcase classname="testcases.rediff.StockManagement" name="addFreshStock" time="22.452"/>
  <testcase classname="testcases.rediff.StockManagement" name="verifyStockInList" time="0.322"/>
  <testcase classname="testcases.rediff.StockManagement" name="deleteStock" time="0.0">
    <ignored/>
  </testcase> <!-- deleteStock -->
  <testcase classname="testcases.rediff.StockManagement" name="modifyStock" time="0.0">
    <ignored/>
  </testcase> <!-- modifyStock -->
</testsuite> <!-- Add New Stock New Stock -->
