<?xml version="1.0" encoding="UTF-8"?>
<!-- Generated by org.testng.reporters.JUnitXMLReporter -->
<testsuite ignored="3" hostname="Renu" failures="0" tests="1" name="Add New Stock New Stock iteration 2" time="50.179" errors="0" timestamp="2022-01-19T20:53:44 IST">
  <testcase classname="testcases.rediff.StockManagement" name="addFreshStock" time="26.418"/>
  <testcase classname="testcases.rediff.StockManagement" name="deleteStock" time="0.0">
    <ignored/>
  </testcase> <!-- deleteStock -->
  <testcase classname="testcases.rediff.StockManagement" name="verifyStockInList" time="0.0">
    <ignored/>
  </testcase> <!-- verifyStockInList -->
  <testcase classname="testcases.rediff.StockManagement" name="modifyStock" time="0.0">
    <ignored/>
  </testcase> <!-- modifyStock -->
</testsuite> <!-- Add New Stock New Stock iteration 2 -->
