<?xml version="1.0" encoding="UTF-8"?>
<!-- Generated by org.testng.reporters.JUnitXMLReporter -->
<testsuite ignored="2" hostname="Renu" failures="0" tests="2" name="Modify Stock Buy Existing Stock" time="70.867" errors="0" timestamp="2022-01-17T11:12:19 IST">
  <testcase classname="testcases.rediff.StockManagement" name="modifyStock" time="42.849"/>
  <testcase classname="testcases.rediff.StockManagement" name="verifyStockInList" time="0.206"/>
  <testcase classname="testcases.rediff.StockManagement" name="addFreshStock" time="0.0">
    <ignored/>
  </testcase> <!-- addFreshStock -->
  <testcase classname="testcases.rediff.StockManagement" name="deleteStock" time="0.0">
    <ignored/>
  </testcase> <!-- deleteStock -->
</testsuite> <!-- Modify Stock Buy Existing Stock -->
