<?xml version="1.0" encoding="UTF-8"?>
<!-- Generated by org.testng.reporters.JUnitXMLReporter -->
<testsuite ignored="2" hostname="Renu" failures="0" tests="2" name="Modify Stock Sell Existing Stock iteration 1" time="78.733" errors="0" timestamp="2022-01-21T23:18:29 IST">
  <testcase classname="testcases.rediff.StockManagement" name="modifyStock" time="17.725"/>
  <testcase classname="testcases.rediff.StockManagement" name="verifyStockInList" time="2.84"/>
  <testcase classname="testcases.rediff.StockManagement" name="addFreshStock" time="0.0">
    <ignored/>
  </testcase> <!-- addFreshStock -->
  <testcase classname="testcases.rediff.StockManagement" name="deleteStock" time="0.0">
    <ignored/>
  </testcase> <!-- deleteStock -->
</testsuite> <!-- Modify Stock Sell Existing Stock iteration 1 -->
