<?xml version="1.0" encoding="UTF-8"?>
<!-- Generated by org.testng.reporters.JUnitXMLReporter -->
<testsuite ignored="2" hostname="Renu" failures="0" tests="2" name="Modify Stock Sell Existing Stock iteration 2" time="0.036" errors="0" timestamp="2022-01-18T23:24:54 IST">
  <testcase classname="testbase.BaseTest" name="@BeforeTest beforeTest" time="0.003">
    <skipped/>
  </testcase> <!-- @BeforeTest beforeTest -->
  <testcase classname="testbase.BaseTest" name="@BeforeMethod beforeMethod" time="0.001">
    <failure type="java.lang.NullPointerException" message="Cannot invoke &amp;quot;keywords.ApplicationKeywords.setReport(com.aventstack.extentreports.ExtentTest)&amp;quot; because &amp;quot;this.app&amp;quot; is null">
      <![CDATA[java.lang.NullPointerException: Cannot invoke "keywords.ApplicationKeywords.setReport(com.aventstack.extentreports.ExtentTest)" because "this.app" is null
at testbase.BaseTest.beforeMethod(BaseTest.java:94)
at java.base/java.util.ArrayList.forEach(ArrayList.java:1511)
at runner.TestNGRunner.run(TestNGRunner.java:86)
at runner.JSONRunner.main(JSONRunner.java:112)
... Removed 28 stack frames]]>
    </failure>
  </testcase> <!-- @BeforeMethod beforeMethod -->
  <testcase classname="testbase.BaseTest" name="@BeforeMethod beforeMethod" time="0.001">
    <failure type="java.lang.NullPointerException" message="Cannot invoke &amp;quot;keywords.ApplicationKeywords.setReport(com.aventstack.extentreports.ExtentTest)&amp;quot; because &amp;quot;this.app&amp;quot; is null">
      <![CDATA[java.lang.NullPointerException: Cannot invoke "keywords.ApplicationKeywords.setReport(com.aventstack.extentreports.ExtentTest)" because "this.app" is null
at testbase.BaseTest.beforeMethod(BaseTest.java:94)
at java.base/java.util.ArrayList.forEach(ArrayList.java:1511)
at runner.TestNGRunner.run(TestNGRunner.java:86)
at runner.JSONRunner.main(JSONRunner.java:112)
... Removed 28 stack frames]]>
    </failure>
  </testcase> <!-- @BeforeMethod beforeMethod -->
  <testcase classname="testcases.rediff.StockManagement" name="modifyStock" time="0.0">
    <skipped/>
  </testcase> <!-- modifyStock -->
  <testcase classname="testcases.rediff.StockManagement" name="verifyStockInList" time="0.0">
    <skipped/>
  </testcase> <!-- verifyStockInList -->
  <testcase classname="testcases.rediff.StockManagement" name="addFreshStock" time="0.0">
    <ignored/>
  </testcase> <!-- addFreshStock -->
  <testcase classname="testcases.rediff.StockManagement" name="deleteStock" time="0.0">
    <ignored/>
  </testcase> <!-- deleteStock -->
</testsuite> <!-- Modify Stock Sell Existing Stock iteration 2 -->
