<?xml version="1.0" encoding="UTF-8"?>
<!-- Generated by org.testng.reporters.JUnitXMLReporter -->
<testsuite ignored="2" hostname="Renu" failures="0" tests="2" name="Modify Stock Sell Existing Stock" time="57.51" errors="0" timestamp="2022-01-17T11:13:16 IST">
  <testcase classname="testcases.rediff.StockManagement" name="modifyStock" time="12.063"/>
  <testcase classname="testcases.rediff.StockManagement" name="verifyStockInList" time="0.24"/>
  <testcase classname="testcases.rediff.StockManagement" name="addFreshStock" time="0.0">
    <ignored/>
  </testcase> <!-- addFreshStock -->
  <testcase classname="testcases.rediff.StockManagement" name="deleteStock" time="0.0">
    <ignored/>
  </testcase> <!-- deleteStock -->
</testsuite> <!-- Modify Stock Sell Existing Stock -->
