<?xml version="1.0" encoding="UTF-8"?>
<!-- Generated by org.testng.reporters.JUnitXMLReporter -->
<testsuite ignored="2" hostname="Renu" failures="0" tests="2" name="Modify Stock Buy Existing Stock iteration 1" time="43.726" errors="0" timestamp="2022-01-19T22:19:37 IST">
  <testcase classname="testcases.rediff.StockManagement" name="modifyStock" time="15.922"/>
  <testcase classname="testcases.rediff.StockManagement" name="verifyStockInList" time="0.208"/>
  <testcase classname="testcases.rediff.StockManagement" name="addFreshStock" time="0.0">
    <ignored/>
  </testcase> <!-- addFreshStock -->
  <testcase classname="testcases.rediff.StockManagement" name="deleteStock" time="0.0">
    <ignored/>
  </testcase> <!-- deleteStock -->
</testsuite> <!-- Modify Stock Buy Existing Stock iteration 1 -->
