<?xml version="1.0" encoding="UTF-8"?>
<!-- Generated by org.testng.reporters.JUnitXMLReporter -->
<testsuite ignored="2" hostname="Renu" failures="0" tests="2" name="null New Stock" time="53.202" errors="0" timestamp="2022-01-16T12:11:25 IST">
  <testcase classname="testcases.rediff.StockManagement" name="addFreshStock" time="22.875"/>
  <testcase classname="testcases.rediff.StockManagement" name="verifyStockInList" time="0.266"/>
  <testcase classname="testcases.rediff.StockManagement" name="deleteStock" time="0.0">
    <ignored/>
  </testcase> <!-- deleteStock -->
  <testcase classname="testcases.rediff.StockManagement" name="modifyStock" time="0.0">
    <ignored/>
  </testcase> <!-- modifyStock -->
</testsuite> <!-- null New Stock -->
