<?xml version="1.0" encoding="UTF-8"?>
<!-- Generated by org.testng.reporters.JUnitXMLReporter -->
<testsuite ignored="2" hostname="Renu" failures="0" tests="2" name="null Sell Existing Stock" time="62.898" errors="0" timestamp="2022-01-16T12:13:19 IST">
  <testcase classname="testcases.rediff.StockManagement" name="modifyStock" time="9.381"/>
  <testcase classname="testcases.rediff.StockManagement" name="verifyStockInList" time="8.651"/>
  <testcase classname="testcases.rediff.StockManagement" name="addFreshStock" time="0.0">
    <ignored/>
  </testcase> <!-- addFreshStock -->
  <testcase classname="testcases.rediff.StockManagement" name="deleteStock" time="0.0">
    <ignored/>
  </testcase> <!-- deleteStock -->
</testsuite> <!-- null Sell Existing Stock -->
